Arguments: 
  /Users/abel/.nvm/versions/node/v10.19.0/bin/node /Users/abel/.yarn/bin/yarn.js

PATH: 
  /usr/local/opt/openjdk/bin:/Users/abel/.yarn/bin:/Users/abel/.config/yarn/global/node_modules/.bin:/Users/abel/.nvm/versions/node/v10.19.0/bin:/Users/abel/.rvm/gems/ruby-2.7.0/bin:/Users/abel/.rvm/gems/ruby-2.7.0@global/bin:/Users/abel/.rvm/rubies/ruby-2.7.0/bin:/usr/local/bin:/usr/bin:/bin:/usr/sbin:/sbin:/Library/Apple/usr/bin:/Users/abel/.rvm/bin:/Users/abel/Library/Android/sdk/tools:/Users/abel/.rvm/bin

Yarn version: 
  1.22.4

Node version: 
  10.19.0

Platform: 
  darwin x64

Trace: 
  SyntaxError: /Users/abel/eitje/libs/react-hooks/package.json: Unexpected string in JSON at position 824
      at JSON.parse (<anonymous>)
      at /Users/abel/.yarn/lib/cli.js:1625:59
      at Generator.next (<anonymous>)
      at step (/Users/abel/.yarn/lib/cli.js:310:30)
      at /Users/abel/.yarn/lib/cli.js:321:13

npm manifest: 
  {
    "name": "react-hooks",
    "version": "1.0.0",
    "description": "Hooks to make life easy",
    "main": "index.js",
    "scripts": {
      "test": "echo \"Error: no test specified\" && exit 1"
    },
    "repository": {
      "type": "git",
      "url": "git+https://github.com/eitje-app/react-hooks.git"
    },
    "author": "Abel van Hoek",
    "license": "ISC",
    "bugs": {
      "url": "https://github.com/eitje-app/react-hooks/issues"
    },
    "homepage": "https://github.com/eitje-app/react-hooks#readme",
    "devDependencies": {
      "@babel/cli": "^7.12.1",
      "@babel/core": "^7.12.3",
      "@babel/plugin-proposal-class-properties": "^7.12.1",
      "@babel/plugin-proposal-object-rest-spread": "^7.12.1",
      "@babel/plugin-proposal-optional-chaining": "^7.12.1",
      "@babel/preset-env": "^7.12.1",
      "@babel/preset-react": "^7.12.1"
    }"
  }

yarn manifest: 
  No manifest

Lockfile: 
  No lockfile
